<?xml version="1.0" encoding="UTF-8"?>
<!-- Generated by org.testng.reporters.JUnitXMLReporter -->
<testsuite hostname="Rohit" name="Test1(failed)" tests="2" failures="1" timestamp="10 Aug 2019 08:51:23 GMT" time="0.047" errors="0">
  <testcase name="test3" time="0.021" classname="PriorityDemo.TestNGRetryFailedDemo">
    <failure type="java.lang.AssertionError" message="expected [true] but found [false]">
      <![CDATA[java.lang.AssertionError: expected [true] but found [false]
	at PriorityDemo.TestNGRetryFailedDemo.test3(TestNGRetryFailedDemo.java:24)
... Removed 28 stack frames]]>
    </failure>
  </testcase> <!-- test3 -->
  <testcase name="test2" time="0.002" classname="PriorityDemo.TestNGRetryFailedDemo"/>
</testsuite> <!-- Test1(failed) -->
