<?xml version="1.0" encoding="UTF-8"?>
<!-- Generated by org.testng.reporters.JUnitXMLReporter -->
<testsuite hostname="Rohit" name="Test" tests="1" failures="0" timestamp="6 Aug 2019 05:11:47 GMT" time="0.025" errors="0">
  <testcase name="@BeforeTest setUp" time="0.0" classname="PriorityDemo.TestNGMultiBrowserDemo">
    <failure type="org.testng.TestNGException" message="
Method setUp requires 1 parameters but 0 were supplied in the @Configuration annotation.">
      <![CDATA[org.testng.TestNGException: 
Method setUp requires 1 parameters but 0 were supplied in the @Configuration annotation.
... Removed 20 stack frames]]>
    </failure>
  </testcase> <!-- @BeforeTest setUp -->
  <testcase name="@AfterTest tearDown" time="0.0" classname="PriorityDemo.TestNGMultiBrowserDemo">
    <skipped/>
  </testcase> <!-- @AfterTest tearDown -->
  <testcase name="test" time="0.005" classname="PriorityDemo.TestNGMultiBrowserDemo">
    <skipped/>
  </testcase> <!-- test -->
</testsuite> <!-- Test -->
